[35m[1mConsolidate compiler generated dependencies of target uart_node[0m
[ 50%] [32mBuilding CXX object CMakeFiles/uart_node.dir/src/MCU_Interface.cpp.o[0m
[01m[K/home/ddon/software_robocon_2025/mcu_interface/src/MCU_Interface.cpp:[m[K In constructor â€˜[01m[KUARTNode::UARTNode()[m[Kâ€™:
[01m[K/home/ddon/software_robocon_2025/mcu_interface/src/MCU_Interface.cpp:32:70:[m[K [01;31m[Kerror: [m[Kâ€˜[01m[KBaseCMD[m[Kâ€™ is not a member of â€˜[01m[Krobot_interfaces::msg[m[Kâ€™; did you mean â€˜[01m[KBaseCmd[m[Kâ€™?
   32 |     sub_base_cmd_ = this->create_subscription<robot_interfaces::msg::[01;31m[KBaseCMD[m[K>(
      |                                                                      [01;31m[K^~~~~~~[m[K
      |                                                                      [32m[KBaseCmd[m[K
[01m[K/home/ddon/software_robocon_2025/mcu_interface/src/MCU_Interface.cpp:32:78:[m[K [01;31m[Kerror: [m[Kno matching function for call to â€˜[01m[KUARTNode::create_subscription<<expression error> >(const char [10], int, std::_Bind_helper<false, void (UARTNode::*)(std::shared_ptr<robot_interfaces::msg::BaseCmd_<std::allocator<void> > >), UARTNode*, const std::_Placeholder<1>&>::type)[m[Kâ€™
   32 |     sub_base_cmd_ = [01;31m[Kthis->create_subscription<robot_interfaces::msg::BaseCMD>([m[K
      |                     [01;31m[K~~~~~~~~~~~~~~~~~~~~~~~~~~~~~~~~~~~~~~~~~~~~~~~~~~~~~~~~~^[m[K
   33 | [01;31m[K        "/base_cmd", 10,[m[K
      |         [01;31m[K~~~~~~~~~~~~~~~~[m[K                                                      
   34 | [01;31m[K        std::bind(&UARTNode::handle_base_cmd, this, std::placeholders::_1)[m[K
      |         [01;31m[K~~~~~~~~~~~~~~~~~~~~~~~~~~~~~~~~~~~~~~~~~~~~~~~~~~~~~~~~~~~~~~~~~~[m[K    
   35 | [01;31m[K    )[m[K;
      |     [01;31m[K~[m[K                                                                         
In file included from [01m[K/opt/ros/humble/include/rclcpp/rclcpp/executors/single_threaded_executor.hpp:28[m[K,
                 from [01m[K/opt/ros/humble/include/rclcpp/rclcpp/executors.hpp:22[m[K,
                 from [01m[K/opt/ros/humble/include/rclcpp/rclcpp/rclcpp.hpp:155[m[K,
                 from [01m[K/home/ddon/software_robocon_2025/mcu_interface/include/mcu_interface/MCU_Interface.hpp:3[m[K,
                 from [01m[K/home/ddon/software_robocon_2025/mcu_interface/src/MCU_Interface.cpp:1[m[K:
[01m[K/opt/ros/humble/include/rclcpp/rclcpp/node.hpp:219:3:[m[K [01;36m[Knote: [m[Kcandidate: â€˜[01m[Ktemplate<class MessageT, class CallbackT, class AllocatorT, class SubscriptionT, class MessageMemoryStrategyT> std::shared_ptr<ROSMessageT> rclcpp::Node::create_subscription(const string&, const rclcpp::QoS&, CallbackT&&, const rclcpp::SubscriptionOptionsWithAllocator<AllocatorT>&, typename MessageMemoryStrategyT::SharedPtr)[m[Kâ€™
  219 |   [01;36m[Kcreate_subscription[m[K(
      |   [01;36m[K^~~~~~~~~~~~~~~~~~~[m[K
[01m[K/opt/ros/humble/include/rclcpp/rclcpp/node.hpp:219:3:[m[K [01;36m[Knote: [m[K  template argument deduction/substitution failed:
[01m[K/home/ddon/software_robocon_2025/mcu_interface/src/MCU_Interface.cpp:32:78:[m[K [01;31m[Kerror: [m[Ktemplate argument 1 is invalid
   32 |     sub_base_cmd_ = [01;31m[Kthis->create_subscription<robot_interfaces::msg::BaseCMD>([m[K
      |                     [01;31m[K~~~~~~~~~~~~~~~~~~~~~~~~~~~~~~~~~~~~~~~~~~~~~~~~~~~~~~~~~^[m[K
   33 | [01;31m[K        "/base_cmd", 10,[m[K
      |         [01;31m[K~~~~~~~~~~~~~~~~[m[K                                                      
   34 | [01;31m[K        std::bind(&UARTNode::handle_base_cmd, this, std::placeholders::_1)[m[K
      |         [01;31m[K~~~~~~~~~~~~~~~~~~~~~~~~~~~~~~~~~~~~~~~~~~~~~~~~~~~~~~~~~~~~~~~~~~[m[K    
   35 | [01;31m[K    )[m[K;
      |     [01;31m[K~[m[K                                                                         
gmake[2]: *** [CMakeFiles/uart_node.dir/build.make:76: CMakeFiles/uart_node.dir/src/MCU_Interface.cpp.o] Error 1
gmake[1]: *** [CMakeFiles/Makefile2:137: CMakeFiles/uart_node.dir/all] Error 2
gmake: *** [Makefile:146: all] Error 2
