[0.371s] Invoking command in '/home/ddon/software_robocon_2025/build/mcu_interface': CMAKE_PREFIX_PATH=/home/ddon/software_robocon_2025/install/robot_interfaces:/home/ddon/software_robocon_2025/install/odrive_interface:/home/ddon/software_robocon_2025/install/gamepad_interface:/home/ddon/software_robocon_2025/install/robot_bringup:/home/ddon/software_robocon_2025/install/astra_camera_msgs:/home/ddon/ros2_ws_cpp/install/shooter_control:/home/ddon/ros2_ws_cpp/install/robot_interfaces:/home/ddon/ros2_ws_cpp/install/robot_bringup:/home/ddon/ros2_ws_cpp/install/odrive_interface:/home/ddon/ros2_ws_cpp/install/can_control_package:/home/ddon/ros2_ws_cpp/install/odrive_custom_msg:/home/ddon/ros2_ws_cpp/install/odrive_can_cpp:/home/ddon/ros2_ws_cpp/install/mecanum_drivetrain:/home/ddon/ros2_ws_cpp/install/gamepad_interface:/home/ddon/ros2_ws_cpp/install/dual_sense_controller:/home/ddon/ros2_ws_cpp/install/astra_camera_msgs:/home/ddon/software_robocon_2025/install/main_controller_pkg:/opt/ros/humble /usr/bin/cmake /home/ddon/software_robocon_2025/mcu_interface -DCMAKE_INSTALL_PREFIX=/home/ddon/software_robocon_2025/install/mcu_interface
[0.436s] -- The C compiler identification is GNU 11.4.0
[0.510s] -- The CXX compiler identification is GNU 11.4.0
[0.546s] -- Detecting C compiler ABI info
[0.654s] -- Detecting C compiler ABI info - done
[0.665s] -- Check for working C compiler: /usr/bin/cc - skipped
[0.665s] -- Detecting C compile features
[0.665s] -- Detecting C compile features - done
[0.669s] -- Detecting CXX compiler ABI info
[0.753s] -- Detecting CXX compiler ABI info - done
[0.760s] -- Check for working CXX compiler: /usr/bin/c++ - skipped
[0.760s] -- Detecting CXX compile features
[0.761s] -- Detecting CXX compile features - done
[0.763s] -- Found ament_cmake: 1.3.11 (/opt/ros/humble/share/ament_cmake/cmake)
[0.939s] -- Found Python3: /usr/bin/python3 (found version "3.10.12") found components: Interpreter 
[1.053s] -- Found rclcpp: 16.0.11 (/opt/ros/humble/share/rclcpp/cmake)
[1.107s] -- Found rosidl_generator_c: 3.1.6 (/opt/ros/humble/share/rosidl_generator_c/cmake)
[1.112s] -- Found rosidl_adapter: 3.1.6 (/opt/ros/humble/share/rosidl_adapter/cmake)
[1.120s] -- Found rosidl_generator_cpp: 3.1.6 (/opt/ros/humble/share/rosidl_generator_cpp/cmake)
[1.133s] -- Using all available rosidl_typesupport_c: rosidl_typesupport_fastrtps_c;rosidl_typesupport_introspection_c
[1.150s] -- Using all available rosidl_typesupport_cpp: rosidl_typesupport_fastrtps_cpp;rosidl_typesupport_introspection_cpp
[1.197s] -- Found rmw_implementation_cmake: 6.1.2 (/opt/ros/humble/share/rmw_implementation_cmake/cmake)
[1.202s] -- Found rmw_fastrtps_cpp: 6.2.7 (/opt/ros/humble/share/rmw_fastrtps_cpp/cmake)
[1.291s] -- Found OpenSSL: /usr/lib/x86_64-linux-gnu/libcrypto.so (found version "3.0.2")  
[1.316s] -- Found FastRTPS: /opt/ros/humble/include  
[1.356s] -- Using RMW implementation 'rmw_fastrtps_cpp' as default
[1.368s] -- Looking for pthread.h
[1.435s] -- Looking for pthread.h - found
[1.436s] -- Performing Test CMAKE_HAVE_LIBC_PTHREAD
[1.497s] -- Performing Test CMAKE_HAVE_LIBC_PTHREAD - Success
[1.499s] -- Found Threads: TRUE  
[1.550s] -- Found robot_interfaces: 0.0.0 (/home/ddon/software_robocon_2025/install/robot_interfaces/share/robot_interfaces/cmake)
[1.629s] -- Configuring done
[1.640s] -- Generating done
[1.645s] -- Build files have been written to: /home/ddon/software_robocon_2025/build/mcu_interface
[1.658s] Invoked command in '/home/ddon/software_robocon_2025/build/mcu_interface' returned '0': CMAKE_PREFIX_PATH=/home/ddon/software_robocon_2025/install/robot_interfaces:/home/ddon/software_robocon_2025/install/odrive_interface:/home/ddon/software_robocon_2025/install/gamepad_interface:/home/ddon/software_robocon_2025/install/robot_bringup:/home/ddon/software_robocon_2025/install/astra_camera_msgs:/home/ddon/ros2_ws_cpp/install/shooter_control:/home/ddon/ros2_ws_cpp/install/robot_interfaces:/home/ddon/ros2_ws_cpp/install/robot_bringup:/home/ddon/ros2_ws_cpp/install/odrive_interface:/home/ddon/ros2_ws_cpp/install/can_control_package:/home/ddon/ros2_ws_cpp/install/odrive_custom_msg:/home/ddon/ros2_ws_cpp/install/odrive_can_cpp:/home/ddon/ros2_ws_cpp/install/mecanum_drivetrain:/home/ddon/ros2_ws_cpp/install/gamepad_interface:/home/ddon/ros2_ws_cpp/install/dual_sense_controller:/home/ddon/ros2_ws_cpp/install/astra_camera_msgs:/home/ddon/software_robocon_2025/install/main_controller_pkg:/opt/ros/humble /usr/bin/cmake /home/ddon/software_robocon_2025/mcu_interface -DCMAKE_INSTALL_PREFIX=/home/ddon/software_robocon_2025/install/mcu_interface
[1.660s] Invoking command in '/home/ddon/software_robocon_2025/build/mcu_interface': CMAKE_PREFIX_PATH=/home/ddon/software_robocon_2025/install/robot_interfaces:/home/ddon/software_robocon_2025/install/odrive_interface:/home/ddon/software_robocon_2025/install/gamepad_interface:/home/ddon/software_robocon_2025/install/robot_bringup:/home/ddon/software_robocon_2025/install/astra_camera_msgs:/home/ddon/ros2_ws_cpp/install/shooter_control:/home/ddon/ros2_ws_cpp/install/robot_interfaces:/home/ddon/ros2_ws_cpp/install/robot_bringup:/home/ddon/ros2_ws_cpp/install/odrive_interface:/home/ddon/ros2_ws_cpp/install/can_control_package:/home/ddon/ros2_ws_cpp/install/odrive_custom_msg:/home/ddon/ros2_ws_cpp/install/odrive_can_cpp:/home/ddon/ros2_ws_cpp/install/mecanum_drivetrain:/home/ddon/ros2_ws_cpp/install/gamepad_interface:/home/ddon/ros2_ws_cpp/install/dual_sense_controller:/home/ddon/ros2_ws_cpp/install/astra_camera_msgs:/home/ddon/software_robocon_2025/install/main_controller_pkg:/opt/ros/humble /usr/bin/cmake --build /home/ddon/software_robocon_2025/build/mcu_interface -- -j8 -l8
[1.703s] [ 50%] [32mBuilding CXX object CMakeFiles/uart_node.dir/src/MCU_Interface.cpp.o[0m
[4.087s] In file included from [01m[K/home/ddon/software_robocon_2025/mcu_interface/src/MCU_Interface.cpp:1[m[K:
[4.087s] [01m[K/home/ddon/software_robocon_2025/mcu_interface/include/mcu_interface/MCU_Interface.hpp:59:55:[m[K [01;31m[Kerror: [m[Kâ€˜[01m[KBaseCMD[m[Kâ€™ in namespace â€˜[01m[Krobot_interfaces::msg[m[Kâ€™ does not name a type; did you mean â€˜[01m[KBaseCmd[m[Kâ€™?
[4.087s]    59 |     void handle_base_cmd(const robot_interfaces::msg::[01;31m[KBaseCMD[m[K::SharedPtr msg); ///< Xá»­ lÃ½ base_cmd (subscriber)
[4.087s]       |                                                       [01;31m[K^~~~~~~[m[K
[4.087s]       |                                                       [32m[KBaseCmd[m[K
[4.088s] [01m[K/home/ddon/software_robocon_2025/mcu_interface/include/mcu_interface/MCU_Interface.hpp:59:74:[m[K [01;31m[Kerror: [m[Kexpected unqualified-id before â€˜[01m[Kmsg[m[Kâ€™
[4.088s]    59 |     void handle_base_cmd(const robot_interfaces::msg::BaseCMD::SharedPtr [01;31m[Kmsg[m[K); ///< Xá»­ lÃ½ base_cmd (subscriber)
[4.088s]       |                                                                          [01;31m[K^~~[m[K
[4.088s] [01m[K/home/ddon/software_robocon_2025/mcu_interface/include/mcu_interface/MCU_Interface.hpp:59:73:[m[K [01;31m[Kerror: [m[Kexpected â€˜[01m[K)[m[Kâ€™ before â€˜[01m[Kmsg[m[Kâ€™
[4.088s]    59 |     void handle_base_cmd[34m[K([m[Kconst robot_interfaces::msg::BaseCMD::SharedPtr[01;31m[K [m[K[32m[Kmsg[m[K); ///< Xá»­ lÃ½ base_cmd (subscriber)
[4.088s]       |                         [34m[K~[m[K                                               [01;31m[K^[m[K[32m[K~~~[m[K
[4.088s]       |                                                                         [32m[K)[m[K
[4.089s] [01m[K/home/ddon/software_robocon_2025/mcu_interface/include/mcu_interface/MCU_Interface.hpp:59:64:[m[K [01;31m[Kerror: [m[Kexpected â€˜[01m[K;[m[Kâ€™ at end of member declaration
[4.089s]    59 |     void handle_base_cmd(const robot_interfaces::msg::BaseCMD::[01;31m[KSharedPtr[m[K msg); ///< Xá»­ lÃ½ base_cmd (subscriber)
[4.089s]       |                                                                [01;31m[K^~~~~~~~~[m[K
[4.089s]       |                                                                         [32m[K;[m[K
[4.089s] [01m[K/home/ddon/software_robocon_2025/mcu_interface/include/mcu_interface/MCU_Interface.hpp:59:74:[m[K [01;31m[Kerror: [m[Kâ€˜[01m[Kmsg[m[Kâ€™ does not name a type
[4.089s]    59 |     void handle_base_cmd(const robot_interfaces::msg::BaseCMD::SharedPtr [01;31m[Kmsg[m[K); ///< Xá»­ lÃ½ base_cmd (subscriber)
[4.089s]       |                                                                          [01;31m[K^~~[m[K
[4.137s] In file included from [01m[K/home/ddon/software_robocon_2025/mcu_interface/src/MCU_Interface.cpp:1[m[K:
[4.137s] [01m[K/home/ddon/software_robocon_2025/mcu_interface/include/mcu_interface/MCU_Interface.hpp:87:49:[m[K [01;31m[Kerror: [m[Kâ€˜[01m[KBaseCMD[m[Kâ€™ is not a member of â€˜[01m[Krobot_interfaces::msg[m[Kâ€™; did you mean â€˜[01m[KBaseCmd[m[Kâ€™?
[4.137s]    87 |     rclcpp::Subscription<robot_interfaces::msg::[01;31m[KBaseCMD[m[K>::SharedPtr sub_base_cmd_;
[4.137s]       |                                                 [01;31m[K^~~~~~~[m[K
[4.137s]       |                                                 [32m[KBaseCmd[m[K
[4.137s] [01m[K/home/ddon/software_robocon_2025/mcu_interface/include/mcu_interface/MCU_Interface.hpp:87:56:[m[K [01;31m[Kerror: [m[Ktemplate argument 1 is invalid
[4.137s]    87 |     rclcpp::Subscription<robot_interfaces::msg::BaseCMD[01;31m[K>[m[K::SharedPtr sub_base_cmd_;
[4.138s]       |                                                        [01;31m[K^[m[K
[4.138s] [01m[K/home/ddon/software_robocon_2025/mcu_interface/include/mcu_interface/MCU_Interface.hpp:87:56:[m[K [01;31m[Kerror: [m[Ktemplate argument 3 is invalid
[4.138s] [01m[K/home/ddon/software_robocon_2025/mcu_interface/include/mcu_interface/MCU_Interface.hpp:87:56:[m[K [01;31m[Kerror: [m[Ktemplate argument 4 is invalid
[4.138s] [01m[K/home/ddon/software_robocon_2025/mcu_interface/include/mcu_interface/MCU_Interface.hpp:87:56:[m[K [01;31m[Kerror: [m[Ktemplate argument 5 is invalid
[4.138s] [01m[K/home/ddon/software_robocon_2025/mcu_interface/include/mcu_interface/MCU_Interface.hpp:87:59:[m[K [01;31m[Kerror: [m[Kexpected â€˜[01m[K;[m[Kâ€™ at end of member declaration
[4.138s]    87 |     rclcpp::Subscription<robot_interfaces::msg::BaseCMD>::[01;31m[KSharedPtr[m[K sub_base_cmd_;
[4.138s]       |                                                           [01;31m[K^~~~~~~~~[m[K
[4.138s]       |                                                                    [32m[K;[m[K
[4.140s] [01m[K/home/ddon/software_robocon_2025/mcu_interface/include/mcu_interface/MCU_Interface.hpp:87:69:[m[K [01;31m[Kerror: [m[Kâ€˜[01m[Ksub_base_cmd_[m[Kâ€™ does not name a type
[4.140s]    87 |     rclcpp::Subscription<robot_interfaces::msg::BaseCMD>::SharedPtr [01;31m[Ksub_base_cmd_[m[K;
[4.140s]       |                                                                     [01;31m[K^~~~~~~~~~~~~[m[K
[4.159s] [01m[K/home/ddon/software_robocon_2025/mcu_interface/src/MCU_Interface.cpp:[m[K In constructor â€˜[01m[KUARTNode::UARTNode()[m[Kâ€™:
[4.159s] [01m[K/home/ddon/software_robocon_2025/mcu_interface/src/MCU_Interface.cpp:32:5:[m[K [01;31m[Kerror: [m[Kâ€˜[01m[Ksub_base_cmd_[m[Kâ€™ was not declared in this scope
[4.159s]    32 |     [01;31m[Ksub_base_cmd_[m[K = this->create_subscription<robot_interfaces::msg::BaseCMD>(
[4.159s]       |     [01;31m[K^~~~~~~~~~~~~[m[K
[4.159s] [01m[K/home/ddon/software_robocon_2025/mcu_interface/src/MCU_Interface.cpp:32:70:[m[K [01;31m[Kerror: [m[Kâ€˜[01m[KBaseCMD[m[Kâ€™ is not a member of â€˜[01m[Krobot_interfaces::msg[m[Kâ€™; did you mean â€˜[01m[KBaseCmd[m[Kâ€™?
[4.160s]    32 |     sub_base_cmd_ = this->create_subscription<robot_interfaces::msg::[01;31m[KBaseCMD[m[K>(
[4.160s]       |                                                                      [01;31m[K^~~~~~~[m[K
[4.160s]       |                                                                      [32m[KBaseCmd[m[K
[4.163s] [01m[K/home/ddon/software_robocon_2025/mcu_interface/src/MCU_Interface.cpp:32:78:[m[K [01;31m[Kerror: [m[Kno matching function for call to â€˜[01m[KUARTNode::create_subscription<<expression error> >(const char [10], int, std::_Bind_helper<false, void (UARTNode::*)(...), UARTNode*, const std::_Placeholder<1>&>::type)[m[Kâ€™
[4.163s]    32 |     sub_base_cmd_ = [01;31m[Kthis->create_subscription<robot_interfaces::msg::BaseCMD>([m[K
[4.163s]       |                     [01;31m[K~~~~~~~~~~~~~~~~~~~~~~~~~~~~~~~~~~~~~~~~~~~~~~~~~~~~~~~~~^[m[K
[4.163s]    33 | [01;31m[K        "/base_cmd", 10,[m[K
[4.163s]       |         [01;31m[K~~~~~~~~~~~~~~~~[m[K                                                      
[4.163s]    34 | [01;31m[K        std::bind(&UARTNode::handle_base_cmd, this, std::placeholders::_1)[m[K
[4.163s]       |         [01;31m[K~~~~~~~~~~~~~~~~~~~~~~~~~~~~~~~~~~~~~~~~~~~~~~~~~~~~~~~~~~~~~~~~~~[m[K    
[4.163s]    35 | [01;31m[K    )[m[K;
[4.163s]       |     [01;31m[K~[m[K                                                                         
[4.164s] In file included from [01m[K/opt/ros/humble/include/rclcpp/rclcpp/executors/single_threaded_executor.hpp:28[m[K,
[4.164s]                  from [01m[K/opt/ros/humble/include/rclcpp/rclcpp/executors.hpp:22[m[K,
[4.164s]                  from [01m[K/opt/ros/humble/include/rclcpp/rclcpp/rclcpp.hpp:155[m[K,
[4.164s]                  from [01m[K/home/ddon/software_robocon_2025/mcu_interface/include/mcu_interface/MCU_Interface.hpp:3[m[K,
[4.164s]                  from [01m[K/home/ddon/software_robocon_2025/mcu_interface/src/MCU_Interface.cpp:1[m[K:
[4.164s] [01m[K/opt/ros/humble/include/rclcpp/rclcpp/node.hpp:219:3:[m[K [01;36m[Knote: [m[Kcandidate: â€˜[01m[Ktemplate<class MessageT, class CallbackT, class AllocatorT, class SubscriptionT, class MessageMemoryStrategyT> std::shared_ptr<ROSMessageT> rclcpp::Node::create_subscription(const string&, const rclcpp::QoS&, CallbackT&&, const rclcpp::SubscriptionOptionsWithAllocator<AllocatorT>&, typename MessageMemoryStrategyT::SharedPtr)[m[Kâ€™
[4.164s]   219 |   [01;36m[Kcreate_subscription[m[K(
[4.164s]       |   [01;36m[K^~~~~~~~~~~~~~~~~~~[m[K
[4.164s] [01m[K/opt/ros/humble/include/rclcpp/rclcpp/node.hpp:219:3:[m[K [01;36m[Knote: [m[K  template argument deduction/substitution failed:
[4.164s] [01m[K/home/ddon/software_robocon_2025/mcu_interface/src/MCU_Interface.cpp:32:78:[m[K [01;31m[Kerror: [m[Ktemplate argument 1 is invalid
[4.164s]    32 |     sub_base_cmd_ = [01;31m[Kthis->create_subscription<robot_interfaces::msg::BaseCMD>([m[K
[4.164s]       |                     [01;31m[K~~~~~~~~~~~~~~~~~~~~~~~~~~~~~~~~~~~~~~~~~~~~~~~~~~~~~~~~~^[m[K
[4.165s]    33 | [01;31m[K        "/base_cmd", 10,[m[K
[4.165s]       |         [01;31m[K~~~~~~~~~~~~~~~~[m[K                                                      
[4.165s]    34 | [01;31m[K        std::bind(&UARTNode::handle_base_cmd, this, std::placeholders::_1)[m[K
[4.165s]       |         [01;31m[K~~~~~~~~~~~~~~~~~~~~~~~~~~~~~~~~~~~~~~~~~~~~~~~~~~~~~~~~~~~~~~~~~~[m[K    
[4.165s]    35 | [01;31m[K    )[m[K;
[4.165s]       |     [01;31m[K~[m[K                                                                         
[4.180s] [01m[K/home/ddon/software_robocon_2025/mcu_interface/src/MCU_Interface.cpp:[m[K At global scope:
[4.180s] [01m[K/home/ddon/software_robocon_2025/mcu_interface/src/MCU_Interface.cpp:187:61:[m[K [01;31m[Kerror: [m[Kâ€˜[01m[KBaseCMD[m[Kâ€™ in namespace â€˜[01m[Krobot_interfaces::msg[m[Kâ€™ does not name a type; did you mean â€˜[01m[KBaseCmd[m[Kâ€™?
[4.180s]   187 | void UARTNode::handle_base_cmd(const robot_interfaces::msg::[01;31m[KBaseCMD[m[K::SharedPtr msg) {
[4.180s]       |                                                             [01;31m[K^~~~~~~[m[K
[4.180s]       |                                                             [32m[KBaseCmd[m[K
[4.180s] [01m[K/home/ddon/software_robocon_2025/mcu_interface/src/MCU_Interface.cpp:187:80:[m[K [01;31m[Kerror: [m[Kexpected unqualified-id before â€˜[01m[Kmsg[m[Kâ€™
[4.180s]   187 | void UARTNode::handle_base_cmd(const robot_interfaces::msg::BaseCMD::SharedPtr [01;31m[Kmsg[m[K) {
[4.181s]       |                                                                                [01;31m[K^~~[m[K
[4.181s] [01m[K/home/ddon/software_robocon_2025/mcu_interface/src/MCU_Interface.cpp:187:79:[m[K [01;31m[Kerror: [m[Kexpected â€˜[01m[K)[m[Kâ€™ before â€˜[01m[Kmsg[m[Kâ€™
[4.181s]   187 | void UARTNode::handle_base_cmd[34m[K([m[Kconst robot_interfaces::msg::BaseCMD::SharedPtr[01;31m[K [m[K[32m[Kmsg[m[K) {
[4.181s]       |                               [34m[K~[m[K                                               [01;31m[K^[m[K[32m[K~~~[m[K
[4.181s]       |                                                                               [32m[K)[m[K
[4.181s] [01m[K/home/ddon/software_robocon_2025/mcu_interface/src/MCU_Interface.cpp:187:80:[m[K [01;31m[Kerror: [m[Kexpected initializer before â€˜[01m[Kmsg[m[Kâ€™
[4.181s]   187 | void UARTNode::handle_base_cmd(const robot_interfaces::msg::BaseCMD::SharedPtr [01;31m[Kmsg[m[K) {
[4.181s]       |                                                                                [01;31m[K^~~[m[K
[5.951s] gmake[2]: *** [CMakeFiles/uart_node.dir/build.make:76: CMakeFiles/uart_node.dir/src/MCU_Interface.cpp.o] Error 1
[5.951s] gmake[1]: *** [CMakeFiles/Makefile2:137: CMakeFiles/uart_node.dir/all] Error 2
[5.951s] gmake: *** [Makefile:146: all] Error 2
[5.953s] Invoked command in '/home/ddon/software_robocon_2025/build/mcu_interface' returned '2': CMAKE_PREFIX_PATH=/home/ddon/software_robocon_2025/install/robot_interfaces:/home/ddon/software_robocon_2025/install/odrive_interface:/home/ddon/software_robocon_2025/install/gamepad_interface:/home/ddon/software_robocon_2025/install/robot_bringup:/home/ddon/software_robocon_2025/install/astra_camera_msgs:/home/ddon/ros2_ws_cpp/install/shooter_control:/home/ddon/ros2_ws_cpp/install/robot_interfaces:/home/ddon/ros2_ws_cpp/install/robot_bringup:/home/ddon/ros2_ws_cpp/install/odrive_interface:/home/ddon/ros2_ws_cpp/install/can_control_package:/home/ddon/ros2_ws_cpp/install/odrive_custom_msg:/home/ddon/ros2_ws_cpp/install/odrive_can_cpp:/home/ddon/ros2_ws_cpp/install/mecanum_drivetrain:/home/ddon/ros2_ws_cpp/install/gamepad_interface:/home/ddon/ros2_ws_cpp/install/dual_sense_controller:/home/ddon/ros2_ws_cpp/install/astra_camera_msgs:/home/ddon/software_robocon_2025/install/main_controller_pkg:/opt/ros/humble /usr/bin/cmake --build /home/ddon/software_robocon_2025/build/mcu_interface -- -j8 -l8
